<?xml version="1.0" encoding="UTF-8"?>
<!-- Generated by org.testng.reporters.JUnitReportReporter -->
<testsuite hostname="NDI-LAP-421" name="com.portal.automation.tests.LoginTest" tests="1" failures="0" timestamp="10 Aug 2016 07:35:43 GMT" time="17.056" errors="0">
  <testcase name="verifyLocationforResultsClasses" time="17.056" classname="com.portal.automation.tests.LoginTest"/>
</testsuite> <!-- com.portal.automation.tests.LoginTest -->
