<?xml version="1.0" encoding="UTF-8"?>
<!-- Generated by org.testng.reporters.JUnitReportReporter -->
<testsuite hostname="NDI-LAP-421" name="com.portal.automation.tests.LoginTest" tests="1" failures="0" timestamp="10 Aug 2016 08:33:48 GMT" time="21.594" errors="0">
  <testcase name="verifyGmail" time="21.594" classname="com.portal.automation.tests.LoginTest"/>
</testsuite> <!-- com.portal.automation.tests.LoginTest -->
